This file contains any messages produced by compilers while
running configure, to aid debugging if configure makes a mistake.

It was created by fcportugal_setplay configure 0.1, which was
generated by GNU Autoconf 2.69.  Invocation command line was

  $ ./configure --with-setplaydir=/home/fcpgpr/FCP_GPR_2019/fcportugalsetplays-code --with-librcsc=/home/fcpgpr/fcplib

## --------- ##
## Platform. ##
## --------- ##

hostname = server2
uname -m = x86_64
uname -r = 4.4.0-154-generic
uname -s = Linux
uname -v = #181-Ubuntu SMP Tue Jun 25 05:29:03 UTC 2019

/usr/bin/uname -p = unknown
/bin/uname -X     = unknown

/bin/arch              = unknown
/usr/bin/arch -k       = unknown
/usr/convex/getsysinfo = unknown
/usr/bin/hostinfo      = unknown
/bin/machine           = unknown
/usr/bin/oslevel       = unknown
/bin/universe          = unknown

PATH: /home/fcpgpr/bin
PATH: /home/fcpgpr/.local/bin
PATH: /usr/local/sbin
PATH: /usr/local/bin
PATH: /usr/sbin
PATH: /usr/bin
PATH: /sbin
PATH: /bin
PATH: /usr/games
PATH: /usr/local/games
PATH: /snap/bin


## ----------- ##
## Core tests. ##
## ----------- ##

configure:2330: checking for a BSD-compatible install
configure:2398: result: /usr/bin/install -c
configure:2409: checking whether build environment is sane
configure:2459: result: yes
configure:2600: checking for a thread-safe mkdir -p
configure:2639: result: /bin/mkdir -p
configure:2652: checking for gawk
configure:2682: result: no
configure:2652: checking for mawk
configure:2668: found /usr/bin/mawk
configure:2679: result: mawk
configure:2690: checking whether make sets $(MAKE)
configure:2712: result: yes
configure:2860: checking for g++
configure:2876: found /usr/bin/g++
configure:2887: result: g++
configure:2914: checking for C++ compiler version
configure:2923: g++ --version >&5
g++ (Ubuntu 5.4.0-6ubuntu1~16.04.11) 5.4.0 20160609
Copyright (C) 2015 Free Software Foundation, Inc.
This is free software; see the source for copying conditions.  There is NO
warranty; not even for MERCHANTABILITY or FITNESS FOR A PARTICULAR PURPOSE.

configure:2934: $? = 0
configure:2923: g++ -v >&5
Using built-in specs.
COLLECT_GCC=g++
COLLECT_LTO_WRAPPER=/usr/lib/gcc/x86_64-linux-gnu/5/lto-wrapper
Target: x86_64-linux-gnu
Configured with: ../src/configure -v --with-pkgversion='Ubuntu 5.4.0-6ubuntu1~16.04.11' --with-bugurl=file:///usr/share/doc/gcc-5/README.Bugs --enable-languages=c,ada,c++,java,go,d,fortran,objc,obj-c++ --prefix=/usr --program-suffix=-5 --enable-shared --enable-linker-build-id --libexecdir=/usr/lib --without-included-gettext --enable-threads=posix --libdir=/usr/lib --enable-nls --with-sysroot=/ --enable-clocale=gnu --enable-libstdcxx-debug --enable-libstdcxx-time=yes --with-default-libstdcxx-abi=new --enable-gnu-unique-object --disable-vtable-verify --enable-libmpx --enable-plugin --with-system-zlib --disable-browser-plugin --enable-java-awt=gtk --enable-gtk-cairo --with-java-home=/usr/lib/jvm/java-1.5.0-gcj-5-amd64/jre --enable-java-home --with-jvm-root-dir=/usr/lib/jvm/java-1.5.0-gcj-5-amd64 --with-jvm-jar-dir=/usr/lib/jvm-exports/java-1.5.0-gcj-5-amd64 --with-arch-directory=amd64 --with-ecj-jar=/usr/share/java/eclipse-ecj.jar --enable-objc-gc --enable-multiarch --disable-werror --with-arch-32=i686 --with-abi=m64 --with-multilib-list=m32,m64,mx32 --enable-multilib --with-tune=generic --enable-checking=release --build=x86_64-linux-gnu --host=x86_64-linux-gnu --target=x86_64-linux-gnu
Thread model: posix
gcc version 5.4.0 20160609 (Ubuntu 5.4.0-6ubuntu1~16.04.11) 
configure:2934: $? = 0
configure:2923: g++ -V >&5
g++: error: unrecognized command line option '-V'
g++: fatal error: no input files
compilation terminated.
configure:2934: $? = 1
configure:2923: g++ -qversion >&5
g++: error: unrecognized command line option '-qversion'
g++: fatal error: no input files
compilation terminated.
configure:2934: $? = 1
configure:2954: checking whether the C++ compiler works
configure:2976: g++    conftest.cpp  >&5
configure:2980: $? = 0
configure:3028: result: yes
configure:3031: checking for C++ compiler default output file name
configure:3033: result: a.out
configure:3039: checking for suffix of executables
configure:3046: g++ -o conftest    conftest.cpp  >&5
configure:3050: $? = 0
configure:3072: result: 
configure:3094: checking whether we are cross compiling
configure:3102: g++ -o conftest    conftest.cpp  >&5
configure:3106: $? = 0
configure:3113: ./conftest
configure:3117: $? = 0
configure:3132: result: no
configure:3137: checking for suffix of object files
configure:3159: g++ -c   conftest.cpp >&5
configure:3163: $? = 0
configure:3184: result: o
configure:3188: checking whether we are using the GNU C++ compiler
configure:3207: g++ -c   conftest.cpp >&5
configure:3207: $? = 0
configure:3216: result: yes
configure:3225: checking whether g++ accepts -g
configure:3245: g++ -c -g  conftest.cpp >&5
configure:3245: $? = 0
configure:3286: result: yes
configure:3320: checking for style of include used by make
configure:3348: result: GNU
configure:3374: checking dependency style of g++
configure:3485: result: gcc3
configure:3548: checking for gcc
configure:3564: found /usr/bin/gcc
configure:3575: result: gcc
configure:3804: checking for C compiler version
configure:3813: gcc --version >&5
gcc (Ubuntu 5.4.0-6ubuntu1~16.04.11) 5.4.0 20160609
Copyright (C) 2015 Free Software Foundation, Inc.
This is free software; see the source for copying conditions.  There is NO
warranty; not even for MERCHANTABILITY or FITNESS FOR A PARTICULAR PURPOSE.

configure:3824: $? = 0
configure:3813: gcc -v >&5
Using built-in specs.
COLLECT_GCC=gcc
COLLECT_LTO_WRAPPER=/usr/lib/gcc/x86_64-linux-gnu/5/lto-wrapper
Target: x86_64-linux-gnu
Configured with: ../src/configure -v --with-pkgversion='Ubuntu 5.4.0-6ubuntu1~16.04.11' --with-bugurl=file:///usr/share/doc/gcc-5/README.Bugs --enable-languages=c,ada,c++,java,go,d,fortran,objc,obj-c++ --prefix=/usr --program-suffix=-5 --enable-shared --enable-linker-build-id --libexecdir=/usr/lib --without-included-gettext --enable-threads=posix --libdir=/usr/lib --enable-nls --with-sysroot=/ --enable-clocale=gnu --enable-libstdcxx-debug --enable-libstdcxx-time=yes --with-default-libstdcxx-abi=new --enable-gnu-unique-object --disable-vtable-verify --enable-libmpx --enable-plugin --with-system-zlib --disable-browser-plugin --enable-java-awt=gtk --enable-gtk-cairo --with-java-home=/usr/lib/jvm/java-1.5.0-gcj-5-amd64/jre --enable-java-home --with-jvm-root-dir=/usr/lib/jvm/java-1.5.0-gcj-5-amd64 --with-jvm-jar-dir=/usr/lib/jvm-exports/java-1.5.0-gcj-5-amd64 --with-arch-directory=amd64 --with-ecj-jar=/usr/share/java/eclipse-ecj.jar --enable-objc-gc --enable-multiarch --disable-werror --with-arch-32=i686 --with-abi=m64 --with-multilib-list=m32,m64,mx32 --enable-multilib --with-tune=generic --enable-checking=release --build=x86_64-linux-gnu --host=x86_64-linux-gnu --target=x86_64-linux-gnu
Thread model: posix
gcc version 5.4.0 20160609 (Ubuntu 5.4.0-6ubuntu1~16.04.11) 
configure:3824: $? = 0
configure:3813: gcc -V >&5
gcc: error: unrecognized command line option '-V'
gcc: fatal error: no input files
compilation terminated.
configure:3824: $? = 1
configure:3813: gcc -qversion >&5
gcc: error: unrecognized command line option '-qversion'
gcc: fatal error: no input files
compilation terminated.
configure:3824: $? = 1
configure:3828: checking whether we are using the GNU C compiler
configure:3847: gcc -c   conftest.c >&5
configure:3847: $? = 0
configure:3856: result: yes
configure:3865: checking whether gcc accepts -g
configure:3885: gcc -c -g  conftest.c >&5
configure:3885: $? = 0
configure:3926: result: yes
configure:3943: checking for gcc option to accept ISO C89
configure:4006: gcc  -c -g -O2  conftest.c >&5
configure:4006: $? = 0
configure:4019: result: none needed
configure:4041: checking dependency style of gcc
configure:4152: result: gcc3
configure:4210: checking for ranlib
configure:4226: found /usr/bin/ranlib
configure:4237: result: ranlib
configure:4259: checking whether ln -s works
configure:4263: result: yes
configure:4322: checking for boostlib >= 1.32.0
configure:4382: g++ -c -g -O2  -I/usr/include conftest.cpp >&5
configure:4382: $? = 0
configure:4384: result: yes
configure:4583: checking for /home/fcpgpr/FCP_GPR_2019/fcportugalsetplays-code/setplay/setplay.h
configure:4597: result: yes
configure:4610: checking for cos in -lm
configure:4635: g++ -o conftest -g -O2  -I/usr/include -I/home/fcpgpr/fcplib/include  -L/usr/lib64 -L/home/fcpgpr/fcplib/lib conftest.cpp -lm   >&5
configure:4635: $? = 0
configure:4644: result: yes
configure:4652: checking for deflate in -lz
configure:4677: g++ -o conftest -g -O2  -I/usr/include -I/home/fcpgpr/fcplib/include  -L/usr/lib64 -L/home/fcpgpr/fcplib/lib conftest.cpp -lz  -lm  >&5
configure:4677: $? = 0
configure:4686: result: yes
configure:4698: checking for main in -lrcsc_geom
configure:4717: g++ -o conftest -g -O2  -I/usr/include -I/home/fcpgpr/fcplib/include  -L/usr/lib64 -L/home/fcpgpr/fcplib/lib conftest.cpp -lrcsc_geom  -lz -lm  >&5
configure:4717: $? = 0
configure:4726: result: yes
configure:4734: checking for main in -lrcsc_rcg
configure:4753: g++ -o conftest -g -O2  -I/usr/include -I/home/fcpgpr/fcplib/include  -L/usr/lib64 -L/home/fcpgpr/fcplib/lib conftest.cpp -lrcsc_rcg  -lrcsc_geom -lz -lm  >&5
configure:4753: $? = 0
configure:4762: result: yes
configure:4771: checking for main in -lrcsc_gz
configure:4790: g++ -o conftest -g -O2  -I/usr/include -I/home/fcpgpr/fcplib/include  -L/usr/lib64 -L/home/fcpgpr/fcplib/lib conftest.cpp -lrcsc_gz  -lrcsc_rcg -lrcsc_geom -lz -lm  >&5
configure:4790: $? = 0
configure:4799: result: yes
configure:4810: checking for main in -lrcsc_param
configure:4829: g++ -o conftest -g -O2  -I/usr/include -I/home/fcpgpr/fcplib/include  -L/usr/lib64 -L/home/fcpgpr/fcplib/lib conftest.cpp -lrcsc_param  -lrcsc_gz -lrcsc_rcg -lrcsc_geom -lz -lm  >&5
configure:4829: $? = 0
configure:4838: result: yes
configure:4846: checking for main in -lrcsc_time
configure:4865: g++ -o conftest -g -O2  -I/usr/include -I/home/fcpgpr/fcplib/include  -L/usr/lib64 -L/home/fcpgpr/fcplib/lib conftest.cpp -lrcsc_time  -lrcsc_param -lrcsc_gz -lrcsc_rcg -lrcsc_geom -lz -lm  >&5
configure:4865: $? = 0
configure:4874: result: yes
configure:4882: checking for main in -lrcsc_net
configure:4901: g++ -o conftest -g -O2  -I/usr/include -I/home/fcpgpr/fcplib/include  -L/usr/lib64 -L/home/fcpgpr/fcplib/lib conftest.cpp -lrcsc_net  -lrcsc_time -lrcsc_param -lrcsc_gz -lrcsc_rcg -lrcsc_geom -lz -lm  >&5
configure:4901: $? = 0
configure:4910: result: yes
configure:4918: checking for main in -lrcsc_ann
configure:4937: g++ -o conftest -g -O2  -I/usr/include -I/home/fcpgpr/fcplib/include  -L/usr/lib64 -L/home/fcpgpr/fcplib/lib conftest.cpp -lrcsc_ann  -lrcsc_net -lrcsc_time -lrcsc_param -lrcsc_gz -lrcsc_rcg -lrcsc_geom -lz -lm  >&5
configure:4937: $? = 0
configure:4946: result: yes
configure:4954: checking for main in -lrcsc_agent
configure:4973: g++ -o conftest -g -O2  -I/usr/include -I/home/fcpgpr/fcplib/include  -L/usr/lib64 -L/home/fcpgpr/fcplib/lib conftest.cpp -lrcsc_agent  -lrcsc_ann -lrcsc_net -lrcsc_time -lrcsc_param -lrcsc_gz -lrcsc_rcg -lrcsc_geom -lz -lm  >&5
configure:4973: $? = 0
configure:4982: result: yes
configure:5000: checking how to run the C++ preprocessor
configure:5027: g++ -E  -I/usr/include -I/home/fcpgpr/fcplib/include conftest.cpp
configure:5027: $? = 0
configure:5041: g++ -E  -I/usr/include -I/home/fcpgpr/fcplib/include conftest.cpp
conftest.cpp:14:28: fatal error: ac_nonexistent.h: No such file or directory
compilation terminated.
configure:5041: $? = 1
configure: failed program was:
| /* confdefs.h */
| #define PACKAGE_NAME "fcportugal_setplay"
| #define PACKAGE_TARNAME "fcportugal_setplay"
| #define PACKAGE_VERSION "0.1"
| #define PACKAGE_STRING "fcportugal_setplay 0.1"
| #define PACKAGE_BUGREPORT "lhrmota@gmail.com"
| #define PACKAGE_URL ""
| #define PACKAGE "fcportugal_setplay"
| #define VERSION "0.1"
| #define HAVE_BOOST /**/
| #define HAVE_LIBZ 1
| #define HAVE_LIBRCSC_GZ 1
| /* end confdefs.h.  */
| #include <ac_nonexistent.h>
configure:5066: result: g++ -E
configure:5086: g++ -E  -I/usr/include -I/home/fcpgpr/fcplib/include conftest.cpp
configure:5086: $? = 0
configure:5100: g++ -E  -I/usr/include -I/home/fcpgpr/fcplib/include conftest.cpp
conftest.cpp:14:28: fatal error: ac_nonexistent.h: No such file or directory
compilation terminated.
configure:5100: $? = 1
configure: failed program was:
| /* confdefs.h */
| #define PACKAGE_NAME "fcportugal_setplay"
| #define PACKAGE_TARNAME "fcportugal_setplay"
| #define PACKAGE_VERSION "0.1"
| #define PACKAGE_STRING "fcportugal_setplay 0.1"
| #define PACKAGE_BUGREPORT "lhrmota@gmail.com"
| #define PACKAGE_URL ""
| #define PACKAGE "fcportugal_setplay"
| #define VERSION "0.1"
| #define HAVE_BOOST /**/
| #define HAVE_LIBZ 1
| #define HAVE_LIBRCSC_GZ 1
| /* end confdefs.h.  */
| #include <ac_nonexistent.h>
configure:5129: checking for grep that handles long lines and -e
configure:5187: result: /bin/grep
configure:5192: checking for egrep
configure:5254: result: /bin/grep -E
configure:5259: checking for ANSI C header files
configure:5279: g++ -c -g -O2  -I/usr/include -I/home/fcpgpr/fcplib/include conftest.cpp >&5
configure:5279: $? = 0
configure:5352: g++ -o conftest -g -O2  -I/usr/include -I/home/fcpgpr/fcplib/include  -L/usr/lib64 -L/home/fcpgpr/fcplib/lib conftest.cpp -lrcsc_agent -lrcsc_ann -lrcsc_net -lrcsc_time -lrcsc_param -lrcsc_gz -lrcsc_rcg -lrcsc_geom -lz -lm  >&5
configure:5352: $? = 0
configure:5352: ./conftest
configure:5352: $? = 0
configure:5363: result: yes
configure:5376: checking for sys/types.h
configure:5376: g++ -c -g -O2  -I/usr/include -I/home/fcpgpr/fcplib/include conftest.cpp >&5
configure:5376: $? = 0
configure:5376: result: yes
configure:5376: checking for sys/stat.h
configure:5376: g++ -c -g -O2  -I/usr/include -I/home/fcpgpr/fcplib/include conftest.cpp >&5
configure:5376: $? = 0
configure:5376: result: yes
configure:5376: checking for stdlib.h
configure:5376: g++ -c -g -O2  -I/usr/include -I/home/fcpgpr/fcplib/include conftest.cpp >&5
configure:5376: $? = 0
configure:5376: result: yes
configure:5376: checking for string.h
configure:5376: g++ -c -g -O2  -I/usr/include -I/home/fcpgpr/fcplib/include conftest.cpp >&5
configure:5376: $? = 0
configure:5376: result: yes
configure:5376: checking for memory.h
configure:5376: g++ -c -g -O2  -I/usr/include -I/home/fcpgpr/fcplib/include conftest.cpp >&5
configure:5376: $? = 0
configure:5376: result: yes
configure:5376: checking for strings.h
configure:5376: g++ -c -g -O2  -I/usr/include -I/home/fcpgpr/fcplib/include conftest.cpp >&5
configure:5376: $? = 0
configure:5376: result: yes
configure:5376: checking for inttypes.h
configure:5376: g++ -c -g -O2  -I/usr/include -I/home/fcpgpr/fcplib/include conftest.cpp >&5
configure:5376: $? = 0
configure:5376: result: yes
configure:5376: checking for stdint.h
configure:5376: g++ -c -g -O2  -I/usr/include -I/home/fcpgpr/fcplib/include conftest.cpp >&5
configure:5376: $? = 0
configure:5376: result: yes
configure:5376: checking for unistd.h
configure:5376: g++ -c -g -O2  -I/usr/include -I/home/fcpgpr/fcplib/include conftest.cpp >&5
configure:5376: $? = 0
configure:5376: result: yes
configure:5390: checking rcsc/types.h usability
configure:5390: g++ -c -g -O2  -I/usr/include -I/home/fcpgpr/fcplib/include conftest.cpp >&5
configure:5390: $? = 0
configure:5390: result: yes
configure:5390: checking rcsc/types.h presence
configure:5390: g++ -E  -I/usr/include -I/home/fcpgpr/fcplib/include conftest.cpp
configure:5390: $? = 0
configure:5390: result: yes
configure:5390: checking for rcsc/types.h
configure:5390: result: yes
configure:5403: checking for stdbool.h that conforms to C99
configure:5470: g++ -c -g -O2  -I/usr/include -I/home/fcpgpr/fcplib/include conftest.cpp >&5
configure:5470: $? = 0
configure:5477: result: yes
configure:5479: checking for _Bool
configure:5479: g++ -c -g -O2  -I/usr/include -I/home/fcpgpr/fcplib/include conftest.cpp >&5
conftest.cpp: In function 'int main()':
conftest.cpp:61:13: error: '_Bool' was not declared in this scope
 if (sizeof (_Bool))
             ^
configure:5479: $? = 1
configure: failed program was:
| /* confdefs.h */
| #define PACKAGE_NAME "fcportugal_setplay"
| #define PACKAGE_TARNAME "fcportugal_setplay"
| #define PACKAGE_VERSION "0.1"
| #define PACKAGE_STRING "fcportugal_setplay 0.1"
| #define PACKAGE_BUGREPORT "lhrmota@gmail.com"
| #define PACKAGE_URL ""
| #define PACKAGE "fcportugal_setplay"
| #define VERSION "0.1"
| #define HAVE_BOOST /**/
| #define HAVE_LIBZ 1
| #define HAVE_LIBRCSC_GZ 1
| #define STDC_HEADERS 1
| #define HAVE_SYS_TYPES_H 1
| #define HAVE_SYS_STAT_H 1
| #define HAVE_STDLIB_H 1
| #define HAVE_STRING_H 1
| #define HAVE_MEMORY_H 1
| #define HAVE_STRINGS_H 1
| #define HAVE_INTTYPES_H 1
| #define HAVE_STDINT_H 1
| #define HAVE_UNISTD_H 1
| #define HAVE_RCSC_TYPES_H 1
| /* end confdefs.h.  */
| #include <stdio.h>
| #ifdef HAVE_SYS_TYPES_H
| # include <sys/types.h>
| #endif
| #ifdef HAVE_SYS_STAT_H
| # include <sys/stat.h>
| #endif
| #ifdef STDC_HEADERS
| # include <stdlib.h>
| # include <stddef.h>
| #else
| # ifdef HAVE_STDLIB_H
| #  include <stdlib.h>
| # endif
| #endif
| #ifdef HAVE_STRING_H
| # if !defined STDC_HEADERS && defined HAVE_MEMORY_H
| #  include <memory.h>
| # endif
| # include <string.h>
| #endif
| #ifdef HAVE_STRINGS_H
| # include <strings.h>
| #endif
| #ifdef HAVE_INTTYPES_H
| # include <inttypes.h>
| #endif
| #ifdef HAVE_STDINT_H
| # include <stdint.h>
| #endif
| #ifdef HAVE_UNISTD_H
| # include <unistd.h>
| #endif
| int
| main ()
| {
| if (sizeof (_Bool))
| 	 return 0;
|   ;
|   return 0;
| }
configure:5479: result: no
configure:5496: checking for an ANSI C-conforming const
configure:5562: g++ -c -g -O2  -I/usr/include -I/home/fcpgpr/fcplib/include conftest.cpp >&5
configure:5562: $? = 0
configure:5569: result: yes
configure:5577: checking for inline
configure:5593: g++ -c -g -O2  -I/usr/include -I/home/fcpgpr/fcplib/include conftest.cpp >&5
configure:5593: $? = 0
configure:5601: result: inline
configure:5619: checking for size_t
configure:5619: g++ -c -g -O2  -I/usr/include -I/home/fcpgpr/fcplib/include conftest.cpp >&5
configure:5619: $? = 0
configure:5619: g++ -c -g -O2  -I/usr/include -I/home/fcpgpr/fcplib/include conftest.cpp >&5
conftest.cpp: In function 'int main()':
conftest.cpp:62:20: error: expected primary-expression before ')' token
 if (sizeof ((size_t)))
                    ^
configure:5619: $? = 1
configure: failed program was:
| /* confdefs.h */
| #define PACKAGE_NAME "fcportugal_setplay"
| #define PACKAGE_TARNAME "fcportugal_setplay"
| #define PACKAGE_VERSION "0.1"
| #define PACKAGE_STRING "fcportugal_setplay 0.1"
| #define PACKAGE_BUGREPORT "lhrmota@gmail.com"
| #define PACKAGE_URL ""
| #define PACKAGE "fcportugal_setplay"
| #define VERSION "0.1"
| #define HAVE_BOOST /**/
| #define HAVE_LIBZ 1
| #define HAVE_LIBRCSC_GZ 1
| #define STDC_HEADERS 1
| #define HAVE_SYS_TYPES_H 1
| #define HAVE_SYS_STAT_H 1
| #define HAVE_STDLIB_H 1
| #define HAVE_STRING_H 1
| #define HAVE_MEMORY_H 1
| #define HAVE_STRINGS_H 1
| #define HAVE_INTTYPES_H 1
| #define HAVE_STDINT_H 1
| #define HAVE_UNISTD_H 1
| #define HAVE_RCSC_TYPES_H 1
| #define HAVE_STDBOOL_H 1
| /* end confdefs.h.  */
| #include <stdio.h>
| #ifdef HAVE_SYS_TYPES_H
| # include <sys/types.h>
| #endif
| #ifdef HAVE_SYS_STAT_H
| # include <sys/stat.h>
| #endif
| #ifdef STDC_HEADERS
| # include <stdlib.h>
| # include <stddef.h>
| #else
| # ifdef HAVE_STDLIB_H
| #  include <stdlib.h>
| # endif
| #endif
| #ifdef HAVE_STRING_H
| # if !defined STDC_HEADERS && defined HAVE_MEMORY_H
| #  include <memory.h>
| # endif
| # include <string.h>
| #endif
| #ifdef HAVE_STRINGS_H
| # include <strings.h>
| #endif
| #ifdef HAVE_INTTYPES_H
| # include <inttypes.h>
| #endif
| #ifdef HAVE_STDINT_H
| # include <stdint.h>
| #endif
| #ifdef HAVE_UNISTD_H
| # include <unistd.h>
| #endif
| int
| main ()
| {
| if (sizeof ((size_t)))
| 	    return 0;
|   ;
|   return 0;
| }
configure:5619: result: yes
configure:5630: checking whether time.h and sys/time.h may both be included
configure:5650: g++ -c -g -O2  -I/usr/include -I/home/fcpgpr/fcplib/include conftest.cpp >&5
configure:5650: $? = 0
configure:5657: result: yes
configure:5682: checking for ANSI C header files
configure:5786: result: yes
configure:5797: checking for floor
configure:5797: g++ -o conftest -g -O2  -I/usr/include -I/home/fcpgpr/fcplib/include  -L/usr/lib64 -L/home/fcpgpr/fcplib/lib conftest.cpp -lrcsc_agent -lrcsc_ann -lrcsc_net -lrcsc_time -lrcsc_param -lrcsc_gz -lrcsc_rcg -lrcsc_geom -lz -lm  >&5
configure:5797: $? = 0
configure:5797: result: yes
configure:5797: checking for pow
configure:5797: g++ -o conftest -g -O2  -I/usr/include -I/home/fcpgpr/fcplib/include  -L/usr/lib64 -L/home/fcpgpr/fcplib/lib conftest.cpp -lrcsc_agent -lrcsc_ann -lrcsc_net -lrcsc_time -lrcsc_param -lrcsc_gz -lrcsc_rcg -lrcsc_geom -lz -lm  >&5
configure:5797: $? = 0
configure:5797: result: yes
configure:5797: checking for sqrt
configure:5797: g++ -o conftest -g -O2  -I/usr/include -I/home/fcpgpr/fcplib/include  -L/usr/lib64 -L/home/fcpgpr/fcplib/lib conftest.cpp -lrcsc_agent -lrcsc_ann -lrcsc_net -lrcsc_time -lrcsc_param -lrcsc_gz -lrcsc_rcg -lrcsc_geom -lz -lm  >&5
configure:5797: $? = 0
configure:5797: result: yes
configure:5797: checking for strerror
configure:5797: g++ -o conftest -g -O2  -I/usr/include -I/home/fcpgpr/fcplib/include  -L/usr/lib64 -L/home/fcpgpr/fcplib/lib conftest.cpp -lrcsc_agent -lrcsc_ann -lrcsc_net -lrcsc_time -lrcsc_param -lrcsc_gz -lrcsc_rcg -lrcsc_geom -lz -lm  >&5
configure:5797: $? = 0
configure:5797: result: yes
configure:5943: creating ./config.status

## ---------------------- ##
## Running config.status. ##
## ---------------------- ##

This file was extended by fcportugal_setplay config.status 0.1, which was
generated by GNU Autoconf 2.69.  Invocation command line was

  CONFIG_FILES    = 
  CONFIG_HEADERS  = 
  CONFIG_LINKS    = 
  CONFIG_COMMANDS = 
  $ ./config.status 

on server2

config.status:877: creating Makefile
config.status:877: creating src/Makefile
config.status:877: creating src/start.sh
config.status:877: creating src/keepaway.sh
config.status:877: creating src/train.sh
config.status:877: creating config.h
config.status:1058: config.h is unchanged
config.status:1106: executing depfiles commands

## ---------------- ##
## Cache variables. ##
## ---------------- ##

ac_cv_c_compiler_gnu=yes
ac_cv_c_const=yes
ac_cv_c_inline=inline
ac_cv_cxx_compiler_gnu=yes
ac_cv_env_CCC_set=
ac_cv_env_CCC_value=
ac_cv_env_CC_set=
ac_cv_env_CC_value=
ac_cv_env_CFLAGS_set=
ac_cv_env_CFLAGS_value=
ac_cv_env_CPPFLAGS_set=
ac_cv_env_CPPFLAGS_value=
ac_cv_env_CXXCPP_set=
ac_cv_env_CXXCPP_value=
ac_cv_env_CXXFLAGS_set=
ac_cv_env_CXXFLAGS_value=
ac_cv_env_CXX_set=
ac_cv_env_CXX_value=
ac_cv_env_LDFLAGS_set=
ac_cv_env_LDFLAGS_value=
ac_cv_env_LIBS_set=
ac_cv_env_LIBS_value=
ac_cv_env_build_alias_set=
ac_cv_env_build_alias_value=
ac_cv_env_host_alias_set=
ac_cv_env_host_alias_value=
ac_cv_env_target_alias_set=
ac_cv_env_target_alias_value=
ac_cv_file__home_fcpgpr_FCP_GPR_2019_fcportugalsetplays_code_setplay_setplay_h=yes
ac_cv_func_floor=yes
ac_cv_func_pow=yes
ac_cv_func_sqrt=yes
ac_cv_func_strerror=yes
ac_cv_header_inttypes_h=yes
ac_cv_header_memory_h=yes
ac_cv_header_rcsc_types_h=yes
ac_cv_header_stdbool_h=yes
ac_cv_header_stdc=yes
ac_cv_header_stdint_h=yes
ac_cv_header_stdlib_h=yes
ac_cv_header_string_h=yes
ac_cv_header_strings_h=yes
ac_cv_header_sys_stat_h=yes
ac_cv_header_sys_types_h=yes
ac_cv_header_time=yes
ac_cv_header_unistd_h=yes
ac_cv_lib_m_cos=yes
ac_cv_lib_rcsc_agent_main=yes
ac_cv_lib_rcsc_ann_main=yes
ac_cv_lib_rcsc_geom_main=yes
ac_cv_lib_rcsc_gz_main=yes
ac_cv_lib_rcsc_net_main=yes
ac_cv_lib_rcsc_param_main=yes
ac_cv_lib_rcsc_rcg_main=yes
ac_cv_lib_rcsc_time_main=yes
ac_cv_lib_z_deflate=yes
ac_cv_objext=o
ac_cv_path_EGREP='/bin/grep -E'
ac_cv_path_GREP=/bin/grep
ac_cv_path_install='/usr/bin/install -c'
ac_cv_path_mkdir=/bin/mkdir
ac_cv_prog_AWK=mawk
ac_cv_prog_CXXCPP='g++ -E'
ac_cv_prog_ac_ct_CC=gcc
ac_cv_prog_ac_ct_CXX=g++
ac_cv_prog_ac_ct_RANLIB=ranlib
ac_cv_prog_cc_c89=
ac_cv_prog_cc_g=yes
ac_cv_prog_cxx_g=yes
ac_cv_prog_make_make_set=yes
ac_cv_type__Bool=no
ac_cv_type_size_t=yes
am_cv_CC_dependencies_compiler_type=gcc3
am_cv_CXX_dependencies_compiler_type=gcc3

## ----------------- ##
## Output variables. ##
## ----------------- ##

ACLOCAL='${SHELL} /home/fcpgpr/FCP_GPR_2019/config/missing --run aclocal-1.11'
AMDEPBACKSLASH='\'
AMDEP_FALSE='#'
AMDEP_TRUE=''
AMTAR='$${TAR-tar}'
AUTOCONF='${SHELL} /home/fcpgpr/FCP_GPR_2019/config/missing --run autoconf'
AUTOHEADER='${SHELL} /home/fcpgpr/FCP_GPR_2019/config/missing --run autoheader'
AUTOMAKE='${SHELL} /home/fcpgpr/FCP_GPR_2019/config/missing --run automake-1.11'
AWK='mawk'
BOOST_CPPFLAGS='-I/usr/include'
BOOST_LDFLAGS='-L/usr/lib64'
CC='gcc'
CCDEPMODE='depmode=gcc3'
CFLAGS='-g -O2'
CPPFLAGS=' -I/usr/include -I/home/fcpgpr/fcplib/include'
CXX='g++'
CXXCPP='g++ -E'
CXXDEPMODE='depmode=gcc3'
CXXFLAGS='-g -O2'
CYGPATH_W='echo'
DEFS='-DHAVE_CONFIG_H'
DEPDIR='.deps'
ECHO_C=''
ECHO_N='-n'
ECHO_T=''
EGREP='/bin/grep -E'
EXEEXT=''
GREP='/bin/grep'
INSTALL_DATA='${INSTALL} -m 644'
INSTALL_PROGRAM='${INSTALL}'
INSTALL_SCRIPT='${INSTALL}'
INSTALL_STRIP_PROGRAM='$(install_sh) -c -s'
LDFLAGS=' -L/usr/lib64 -L/home/fcpgpr/fcplib/lib'
LIBOBJS=''
LIBRCSCLIB='/home/fcpgpr/fcplib/lib'
LIBS='-lrcsc_agent -lrcsc_ann -lrcsc_net -lrcsc_time -lrcsc_param -lrcsc_gz -lrcsc_rcg -lrcsc_geom -lz -lm '
LN_S='ln -s'
LTLIBOBJS=''
MAKEINFO='${SHELL} /home/fcpgpr/FCP_GPR_2019/config/missing --run makeinfo'
MKDIR_P='/bin/mkdir -p'
OBJEXT='o'
PACKAGE='fcportugal_setplay'
PACKAGE_BUGREPORT='lhrmota@gmail.com'
PACKAGE_NAME='fcportugal_setplay'
PACKAGE_STRING='fcportugal_setplay 0.1'
PACKAGE_TARNAME='fcportugal_setplay'
PACKAGE_URL=''
PACKAGE_VERSION='0.1'
PATH_SEPARATOR=':'
RANLIB='ranlib'
SET_MAKE=''
SHELL='/bin/bash'
STRIP=''
VERSION='0.1'
ac_ct_CC='gcc'
ac_ct_CXX='g++'
am__EXEEXT_FALSE=''
am__EXEEXT_TRUE='#'
am__fastdepCC_FALSE='#'
am__fastdepCC_TRUE=''
am__fastdepCXX_FALSE='#'
am__fastdepCXX_TRUE=''
am__include='include'
am__isrc=''
am__leading_dot='.'
am__nodep='_no'
am__quote=''
am__tar='$${TAR-tar} chof - "$$tardir"'
am__untar='$${TAR-tar} xf -'
bindir='${exec_prefix}/bin'
build_alias=''
datadir='${datarootdir}'
datarootdir='${prefix}/share'
docdir='${datarootdir}/doc/${PACKAGE_TARNAME}'
dvidir='${docdir}'
exec_prefix='${prefix}'
fcportugal_setplay_player_CXXFLAGS='-W -Wall -I/home/fcpgpr/FCP_GPR_2019/fcportugalsetplays-code'
fcportugal_setplay_player_LDADD='-L/home/fcpgpr/FCP_GPR_2019/fcportugalsetplays-code/lib/ -lsetplay'
host_alias=''
htmldir='${docdir}'
includedir='${prefix}/include'
infodir='${datarootdir}/info'
install_sh='${SHELL} /home/fcpgpr/FCP_GPR_2019/config/install-sh'
libdir='${exec_prefix}/lib'
libexecdir='${exec_prefix}/libexec'
localedir='${datarootdir}/locale'
localstatedir='${prefix}/var'
mandir='${datarootdir}/man'
mkdir_p='/bin/mkdir -p'
oldincludedir='/usr/include'
pdfdir='${docdir}'
prefix='/usr/local'
program_transform_name='s,x,x,'
psdir='${docdir}'
runstatedir='${localstatedir}/run'
sbindir='${exec_prefix}/sbin'
sharedstatedir='${prefix}/com'
sysconfdir='${prefix}/etc'
target_alias=''

## ----------- ##
## confdefs.h. ##
## ----------- ##

/* confdefs.h */
#define PACKAGE_NAME "fcportugal_setplay"
#define PACKAGE_TARNAME "fcportugal_setplay"
#define PACKAGE_VERSION "0.1"
#define PACKAGE_STRING "fcportugal_setplay 0.1"
#define PACKAGE_BUGREPORT "lhrmota@gmail.com"
#define PACKAGE_URL ""
#define PACKAGE "fcportugal_setplay"
#define VERSION "0.1"
#define HAVE_BOOST /**/
#define HAVE_LIBZ 1
#define HAVE_LIBRCSC_GZ 1
#define STDC_HEADERS 1
#define HAVE_SYS_TYPES_H 1
#define HAVE_SYS_STAT_H 1
#define HAVE_STDLIB_H 1
#define HAVE_STRING_H 1
#define HAVE_MEMORY_H 1
#define HAVE_STRINGS_H 1
#define HAVE_INTTYPES_H 1
#define HAVE_STDINT_H 1
#define HAVE_UNISTD_H 1
#define HAVE_RCSC_TYPES_H 1
#define HAVE_STDBOOL_H 1
#define TIME_WITH_SYS_TIME 1
#define STDC_HEADERS 1
#define HAVE_FLOOR 1
#define HAVE_POW 1
#define HAVE_SQRT 1
#define HAVE_STRERROR 1

configure: exit 0
